<?xml version="1.0" encoding="UTF-8"?>
<!-- Generated by org.testng.reporters.JUnitReportReporter -->
<testsuite skipped="0" hostname="Balajis-MBP.lan" name="omit9ClassPro.pro.Omit9" tests="1" failures="0" timestamp="2022-12-14T16:02:33 CST" time="0.007" errors="0">
  <testcase name="test2" time="0.007" classname="omit9ClassPro.pro.Omit9"/>
  <system-out/>
</testsuite> <!-- omit9ClassPro.pro.Omit9 -->
